
> brackets-nextjs@0.1.0 start /root/brackets-git/Server
> next start -p $PORT "80"

ready - started server on 0.0.0.0:80, url: http://localhost:80
Error: Could not find a production build in the '/root/brackets-git/Server/.next' directory. Try building your app with 'next build' before starting the production server. https://nextjs.org/docs/messages/production-start-no-build-id
    at Server.readBuildId (/root/brackets-git/Server/node_modules/next/dist/server/next-server.js:1573:23)
    at new Server (/root/brackets-git/Server/node_modules/next/dist/server/next-server.js:92:29)
    at NextServer.createServer (/root/brackets-git/Server/node_modules/next/dist/server/next.js:107:16)
    at async /root/brackets-git/Server/node_modules/next/dist/server/next.js:119:31
npm ERR! code ELIFECYCLE
npm ERR! errno 1
npm ERR! brackets-nextjs@0.1.0 start: `next start -p $PORT "80"`
npm ERR! Exit status 1
npm ERR! 
npm ERR! Failed at the brackets-nextjs@0.1.0 start script.
npm ERR! This is probably not a problem with npm. There is likely additional logging output above.

npm ERR! A complete log of this run can be found in:
npm ERR!     /root/.npm/_logs/2021-10-13T17_55_51_190Z-debug.log

> brackets-nextjs@0.1.0 build /root/brackets-git/Server
> next build

info  - Using webpack 5. Reason: Enabled by default https://nextjs.org/docs/messages/webpack5
info  - Checking validity of types...

./pages/api/getProductInfo.js
18:1  Warning: Assign arrow function to a variable before exporting as module default  import/no-anonymous-default-export

./pages/api/isLogin.js
1:1  Warning: Assign arrow function to a variable before exporting as module default  import/no-anonymous-default-export

./pages/api/login.js
19:1  Warning: Assign arrow function to a variable before exporting as module default  import/no-anonymous-default-export

./pages/api/logout.js
1:1  Warning: Assign arrow function to a variable before exporting as module default  import/no-anonymous-default-export

./pages/index.js
32:6  Warning: React Hook useEffect has a missing dependency: 'checkLogin'. Either include it or remove the dependency array.  react-hooks/exhaustive-deps

info  - Need to disable some ESLint rules? Learn more here: https://nextjs.org/docs/basic-features/eslint#disabling-rules
info  - Creating an optimized production build...
info  - Compiled successfully
info  - Collecting page data...
info  - Generating static pages (0/5)
info  - Generating static pages (1/5)
info  - Generating static pages (2/5)
info  - Generating static pages (3/5)
info  - Generating static pages (5/5)
info  - Finalizing page optimization...

Page                                Size     First Load JS
┌ ○ / (392 ms)                      18.3 kB        91.9 kB
├   /_app                           0 B              67 kB
├ ○ /404                            194 B          67.2 kB
├ λ /api/db                         0 B              67 kB
├ λ /api/getProductInfo             0 B              67 kB
├ λ /api/hello                      0 B              67 kB
├ λ /api/isLogin                    0 B              67 kB
├ λ /api/login                      0 B              67 kB
├ λ /api/logout                     0 B              67 kB
├ ○ /example                        4.62 kB        71.6 kB
├   └ css/99492b8413865e20907e.css  757 B
└ ○ /login                          708 B          74.2 kB
+ First Load JS shared by all       67 kB
  ├ chunks/framework.2191d1.js      42.4 kB
  ├ chunks/main.62b8ca.js           23.3 kB
  ├ chunks/pages/_app.a40023.js     555 B
  ├ chunks/webpack.fb7614.js        770 B
  └ css/120f2e2270820d49a21f.css    209 B

λ  (Server)  server-side renders at runtime (uses getInitialProps or getServerSideProps)
○  (Static)  automatically rendered as static HTML (uses no initial props)
●  (SSG)     automatically generated as static HTML + JSON (uses getStaticProps)
   (ISR)     incremental static regeneration (uses revalidate in getStaticProps)


> brackets-nextjs@0.1.0 build /root/brackets-git/Server
> next build

info  - Using webpack 5. Reason: Enabled by default https://nextjs.org/docs/messages/webpack5
info  - Checking validity of types...

./pages/api/getProductInfo.js
18:1  Warning: Assign arrow function to a variable before exporting as module default  import/no-anonymous-default-export

./pages/api/isLogin.js
1:1  Warning: Assign arrow function to a variable before exporting as module default  import/no-anonymous-default-export

./pages/api/login.js
19:1  Warning: Assign arrow function to a variable before exporting as module default  import/no-anonymous-default-export

./pages/api/logout.js
1:1  Warning: Assign arrow function to a variable before exporting as module default  import/no-anonymous-default-export

./pages/index.js
32:6  Warning: React Hook useEffect has a missing dependency: 'checkLogin'. Either include it or remove the dependency array.  react-hooks/exhaustive-deps

info  - Need to disable some ESLint rules? Learn more here: https://nextjs.org/docs/basic-features/eslint#disabling-rules
info  - Creating an optimized production build...
info  - Compiled successfully
info  - Collecting page data...
info  - Generating static pages (0/5)
info  - Generating static pages (1/5)
info  - Generating static pages (2/5)
info  - Generating static pages (3/5)
info  - Generating static pages (5/5)
info  - Finalizing page optimization...

Page                                Size     First Load JS
┌ ○ / (405 ms)                      18.3 kB        91.9 kB
├   /_app                           0 B              67 kB
├ ○ /404                            194 B          67.2 kB
├ λ /api/db                         0 B              67 kB
├ λ /api/getProductInfo             0 B              67 kB
├ λ /api/hello                      0 B              67 kB
├ λ /api/isLogin                    0 B              67 kB
├ λ /api/login                      0 B              67 kB
├ λ /api/logout                     0 B              67 kB
├ ○ /example                        4.62 kB        71.6 kB
├   └ css/99492b8413865e20907e.css  757 B
└ ○ /login                          708 B          74.2 kB
+ First Load JS shared by all       67 kB
  ├ chunks/framework.2191d1.js      42.4 kB
  ├ chunks/main.62b8ca.js           23.3 kB
  ├ chunks/pages/_app.a40023.js     555 B
  ├ chunks/webpack.fb7614.js        770 B
  └ css/120f2e2270820d49a21f.css    209 B

λ  (Server)  server-side renders at runtime (uses getInitialProps or getServerSideProps)
○  (Static)  automatically rendered as static HTML (uses no initial props)
●  (SSG)     automatically generated as static HTML + JSON (uses getStaticProps)
   (ISR)     incremental static regeneration (uses revalidate in getStaticProps)


> brackets-nextjs@0.1.0 build /root/brackets-git/Server
> next build

info  - Using webpack 5. Reason: Enabled by default https://nextjs.org/docs/messages/webpack5
info  - Checking validity of types...

./pages/api/getProductInfo.js
18:1  Warning: Assign arrow function to a variable before exporting as module default  import/no-anonymous-default-export

./pages/api/getRepairInfo.js
37:1  Warning: Assign arrow function to a variable before exporting as module default  import/no-anonymous-default-export

./pages/api/isLogin.js
1:1  Warning: Assign arrow function to a variable before exporting as module default  import/no-anonymous-default-export

./pages/api/login.js
19:1  Warning: Assign arrow function to a variable before exporting as module default  import/no-anonymous-default-export

./pages/api/logout.js
1:1  Warning: Assign arrow function to a variable before exporting as module default  import/no-anonymous-default-export

./pages/index.js
32:6  Warning: React Hook useEffect has a missing dependency: 'checkLogin'. Either include it or remove the dependency array.  react-hooks/exhaustive-deps

info  - Need to disable some ESLint rules? Learn more here: https://nextjs.org/docs/basic-features/eslint#disabling-rules
info  - Creating an optimized production build...
info  - Compiled successfully
info  - Collecting page data...
info  - Generating static pages (0/5)
info  - Generating static pages (1/5)
info  - Generating static pages (2/5)
info  - Generating static pages (3/5)
info  - Generating static pages (5/5)
info  - Finalizing page optimization...

Page                                Size     First Load JS
┌ ○ / (417 ms)                      18.3 kB        91.9 kB
├   /_app                           0 B              67 kB
├ ○ /404                            194 B          67.2 kB
├ λ /api/db                         0 B              67 kB
├ λ /api/getProductInfo             0 B              67 kB
├ λ /api/getRepairInfo              0 B              67 kB
├ λ /api/hello                      0 B              67 kB
├ λ /api/isLogin                    0 B              67 kB
├ λ /api/login                      0 B              67 kB
├ λ /api/logout                     0 B              67 kB
├ ○ /example                        4.62 kB        71.6 kB
├   └ css/99492b8413865e20907e.css  757 B
└ ○ /login                          708 B          74.2 kB
+ First Load JS shared by all       67 kB
  ├ chunks/framework.2191d1.js      42.4 kB
  ├ chunks/main.62b8ca.js           23.3 kB
  ├ chunks/pages/_app.a40023.js     555 B
  ├ chunks/webpack.fb7614.js        770 B
  └ css/120f2e2270820d49a21f.css    209 B

λ  (Server)  server-side renders at runtime (uses getInitialProps or getServerSideProps)
○  (Static)  automatically rendered as static HTML (uses no initial props)
●  (SSG)     automatically generated as static HTML + JSON (uses getStaticProps)
   (ISR)     incremental static regeneration (uses revalidate in getStaticProps)


> brackets-nextjs@0.1.0 build /root/brackets-git/Server
> next build

info  - Using webpack 5. Reason: Enabled by default https://nextjs.org/docs/messages/webpack5
info  - Checking validity of types...

./pages/api/getProductInfo.js
18:1  Warning: Assign arrow function to a variable before exporting as module default  import/no-anonymous-default-export

./pages/api/getRepairInfo.js
37:1  Warning: Assign arrow function to a variable before exporting as module default  import/no-anonymous-default-export

./pages/api/isLogin.js
1:1  Warning: Assign arrow function to a variable before exporting as module default  import/no-anonymous-default-export

./pages/api/login.js
19:1  Warning: Assign arrow function to a variable before exporting as module default  import/no-anonymous-default-export

./pages/api/logout.js
1:1  Warning: Assign arrow function to a variable before exporting as module default  import/no-anonymous-default-export

./pages/index.js
32:6  Warning: React Hook useEffect has a missing dependency: 'checkLogin'. Either include it or remove the dependency array.  react-hooks/exhaustive-deps

info  - Need to disable some ESLint rules? Learn more here: https://nextjs.org/docs/basic-features/eslint#disabling-rules
info  - Creating an optimized production build...
info  - Compiled successfully
info  - Collecting page data...
info  - Generating static pages (0/5)
info  - Generating static pages (1/5)
info  - Generating static pages (2/5)
info  - Generating static pages (3/5)
info  - Generating static pages (5/5)
info  - Finalizing page optimization...

Page                                Size     First Load JS
┌ ○ / (388 ms)                      18.3 kB        91.9 kB
├   /_app                           0 B              67 kB
├ ○ /404                            194 B          67.2 kB
├ λ /api/db                         0 B              67 kB
├ λ /api/getProductInfo             0 B              67 kB
├ λ /api/getRepairInfo              0 B              67 kB
├ λ /api/hello                      0 B              67 kB
├ λ /api/isLogin                    0 B              67 kB
├ λ /api/login                      0 B              67 kB
├ λ /api/logout                     0 B              67 kB
├ ○ /example                        4.62 kB        71.6 kB
├   └ css/99492b8413865e20907e.css  757 B
└ ○ /login                          708 B          74.2 kB
+ First Load JS shared by all       67 kB
  ├ chunks/framework.2191d1.js      42.4 kB
  ├ chunks/main.62b8ca.js           23.3 kB
  ├ chunks/pages/_app.a40023.js     555 B
  ├ chunks/webpack.fb7614.js        770 B
  └ css/120f2e2270820d49a21f.css    209 B

λ  (Server)  server-side renders at runtime (uses getInitialProps or getServerSideProps)
○  (Static)  automatically rendered as static HTML (uses no initial props)
●  (SSG)     automatically generated as static HTML + JSON (uses getStaticProps)
   (ISR)     incremental static regeneration (uses revalidate in getStaticProps)


> brackets-nextjs@0.1.0 build /root/brackets-git/Server
> next build

info  - Using webpack 5. Reason: Enabled by default https://nextjs.org/docs/messages/webpack5
info  - Checking validity of types...

./pages/api/getProductInfo.js
18:1  Warning: Assign arrow function to a variable before exporting as module default  import/no-anonymous-default-export

./pages/api/getRepairInfo.js
38:1  Warning: Assign arrow function to a variable before exporting as module default  import/no-anonymous-default-export

./pages/api/isLogin.js
1:1  Warning: Assign arrow function to a variable before exporting as module default  import/no-anonymous-default-export

./pages/api/login.js
19:1  Warning: Assign arrow function to a variable before exporting as module default  import/no-anonymous-default-export

./pages/api/logout.js
1:1  Warning: Assign arrow function to a variable before exporting as module default  import/no-anonymous-default-export

./pages/index.js
32:6  Warning: React Hook useEffect has a missing dependency: 'checkLogin'. Either include it or remove the dependency array.  react-hooks/exhaustive-deps

info  - Need to disable some ESLint rules? Learn more here: https://nextjs.org/docs/basic-features/eslint#disabling-rules
info  - Creating an optimized production build...
info  - Compiled successfully
info  - Collecting page data...
info  - Generating static pages (0/5)
info  - Generating static pages (1/5)
info  - Generating static pages (2/5)
info  - Generating static pages (3/5)
info  - Generating static pages (5/5)
info  - Finalizing page optimization...

Page                                Size     First Load JS
┌ ○ / (394 ms)                      18.3 kB        91.9 kB
├   /_app                           0 B              67 kB
├ ○ /404                            194 B          67.2 kB
├ λ /api/db                         0 B              67 kB
├ λ /api/getProductInfo             0 B              67 kB
├ λ /api/getRepairInfo              0 B              67 kB
├ λ /api/hello                      0 B              67 kB
├ λ /api/isLogin                    0 B              67 kB
├ λ /api/login                      0 B              67 kB
├ λ /api/logout                     0 B              67 kB
├ ○ /example                        4.62 kB        71.6 kB
├   └ css/99492b8413865e20907e.css  757 B
└ ○ /login                          708 B          74.2 kB
+ First Load JS shared by all       67 kB
  ├ chunks/framework.2191d1.js      42.4 kB
  ├ chunks/main.62b8ca.js           23.3 kB
  ├ chunks/pages/_app.a40023.js     555 B
  ├ chunks/webpack.fb7614.js        770 B
  └ css/120f2e2270820d49a21f.css    209 B

λ  (Server)  server-side renders at runtime (uses getInitialProps or getServerSideProps)
○  (Static)  automatically rendered as static HTML (uses no initial props)
●  (SSG)     automatically generated as static HTML + JSON (uses getStaticProps)
   (ISR)     incremental static regeneration (uses revalidate in getStaticProps)


> brackets-nextjs@0.1.0 build /root/brackets-git/Server
> next build

info  - Using webpack 5. Reason: Enabled by default https://nextjs.org/docs/messages/webpack5
info  - Checking validity of types...

./pages/api/getProductInfo.js
18:1  Warning: Assign arrow function to a variable before exporting as module default  import/no-anonymous-default-export

./pages/api/getRepairInfo.js
38:1  Warning: Assign arrow function to a variable before exporting as module default  import/no-anonymous-default-export

./pages/api/isLogin.js
1:1  Warning: Assign arrow function to a variable before exporting as module default  import/no-anonymous-default-export

./pages/api/login.js
19:1  Warning: Assign arrow function to a variable before exporting as module default  import/no-anonymous-default-export

./pages/api/logout.js
1:1  Warning: Assign arrow function to a variable before exporting as module default  import/no-anonymous-default-export

./pages/index.js
32:6  Warning: React Hook useEffect has a missing dependency: 'checkLogin'. Either include it or remove the dependency array.  react-hooks/exhaustive-deps

info  - Need to disable some ESLint rules? Learn more here: https://nextjs.org/docs/basic-features/eslint#disabling-rules
info  - Creating an optimized production build...
info  - Compiled successfully
info  - Collecting page data...
info  - Generating static pages (0/5)
info  - Generating static pages (1/5)
info  - Generating static pages (2/5)
info  - Generating static pages (3/5)
info  - Generating static pages (5/5)
info  - Finalizing page optimization...

Page                                Size     First Load JS
┌ ○ / (389 ms)                      18.3 kB        91.9 kB
├   /_app                           0 B              67 kB
├ ○ /404                            194 B          67.2 kB
├ λ /api/db                         0 B              67 kB
├ λ /api/getProductInfo             0 B              67 kB
├ λ /api/getRepairInfo              0 B              67 kB
├ λ /api/hello                      0 B              67 kB
├ λ /api/isLogin                    0 B              67 kB
├ λ /api/login                      0 B              67 kB
├ λ /api/logout                     0 B              67 kB
├ ○ /example                        4.62 kB        71.6 kB
├   └ css/99492b8413865e20907e.css  757 B
└ ○ /login                          708 B          74.2 kB
+ First Load JS shared by all       67 kB
  ├ chunks/framework.2191d1.js      42.4 kB
  ├ chunks/main.62b8ca.js           23.3 kB
  ├ chunks/pages/_app.a40023.js     555 B
  ├ chunks/webpack.fb7614.js        770 B
  └ css/120f2e2270820d49a21f.css    209 B

λ  (Server)  server-side renders at runtime (uses getInitialProps or getServerSideProps)
○  (Static)  automatically rendered as static HTML (uses no initial props)
●  (SSG)     automatically generated as static HTML + JSON (uses getStaticProps)
   (ISR)     incremental static regeneration (uses revalidate in getStaticProps)


> brackets-nextjs@0.1.0 build /root/brackets-git/Server
> next build

info  - Using webpack 5. Reason: Enabled by default https://nextjs.org/docs/messages/webpack5
info  - Checking validity of types...

./pages/api/getProductInfo.js
18:1  Warning: Assign arrow function to a variable before exporting as module default  import/no-anonymous-default-export

./pages/api/getRepairInfo.js
38:1  Warning: Assign arrow function to a variable before exporting as module default  import/no-anonymous-default-export

./pages/api/staffLogin.js
80:1  Warning: Assign arrow function to a variable before exporting as module default  import/no-anonymous-default-export

./pages/api/z_ex_isLogin.js
1:1  Warning: Assign arrow function to a variable before exporting as module default  import/no-anonymous-default-export

./pages/api/z_ex_login.js
19:1  Warning: Assign arrow function to a variable before exporting as module default  import/no-anonymous-default-export

./pages/api/z_ex_logout.js
1:1  Warning: Assign arrow function to a variable before exporting as module default  import/no-anonymous-default-export

./pages/z_ex_index.js
32:6  Warning: React Hook useEffect has a missing dependency: 'checkLogin'. Either include it or remove the dependency array.  react-hooks/exhaustive-deps

info  - Need to disable some ESLint rules? Learn more here: https://nextjs.org/docs/basic-features/eslint#disabling-rules
info  - Creating an optimized production build...
info  - Compiled successfully
info  - Collecting page data...
info  - Generating static pages (0/6)
info  - Generating static pages (1/6)
info  - Generating static pages (2/6)
info  - Generating static pages (4/6)
info  - Generating static pages (6/6)
info  - Finalizing page optimization...

Page                                Size     First Load JS
┌ ○ / (388 ms)                      307 B          73.8 kB
├   /_app                           0 B              67 kB
├ ○ /404                            194 B          67.2 kB
├ λ /api/db                         0 B              67 kB
├ λ /api/getProductInfo             0 B              67 kB
├ λ /api/getRepairInfo              0 B              67 kB
├ λ /api/staffLogin                 0 B              67 kB
├ λ /api/z_ex_hello                 0 B              67 kB
├ λ /api/z_ex_isLogin               0 B              67 kB
├ λ /api/z_ex_login                 0 B              67 kB
├ λ /api/z_ex_logout                0 B              67 kB
├ ○ /example                        4.62 kB        71.6 kB
├   └ css/99492b8413865e20907e.css  757 B
├ ○ /z_ex_index                     18.4 kB        91.9 kB
└ ○ /z_ex_login                     713 B          74.2 kB
+ First Load JS shared by all       67 kB
  ├ chunks/framework.2191d1.js      42.4 kB
  ├ chunks/main.62b8ca.js           23.3 kB
  ├ chunks/pages/_app.a40023.js     555 B
  ├ chunks/webpack.fb7614.js        770 B
  └ css/120f2e2270820d49a21f.css    209 B

λ  (Server)  server-side renders at runtime (uses getInitialProps or getServerSideProps)
○  (Static)  automatically rendered as static HTML (uses no initial props)
●  (SSG)     automatically generated as static HTML + JSON (uses getStaticProps)
   (ISR)     incremental static regeneration (uses revalidate in getStaticProps)


> brackets-nextjs@0.1.0 build /root/brackets-git/Server
> next build

info  - Using webpack 5. Reason: Enabled by default https://nextjs.org/docs/messages/webpack5
info  - Checking validity of types...

./pages/api/getProductInfo.js
18:1  Warning: Assign arrow function to a variable before exporting as module default  import/no-anonymous-default-export

./pages/api/getRepairInfo.js
38:1  Warning: Assign arrow function to a variable before exporting as module default  import/no-anonymous-default-export

./pages/api/staffLogin.js
81:1  Warning: Assign arrow function to a variable before exporting as module default  import/no-anonymous-default-export

./pages/api/z_ex_isLogin.js
1:1  Warning: Assign arrow function to a variable before exporting as module default  import/no-anonymous-default-export

./pages/api/z_ex_login.js
19:1  Warning: Assign arrow function to a variable before exporting as module default  import/no-anonymous-default-export

./pages/api/z_ex_logout.js
1:1  Warning: Assign arrow function to a variable before exporting as module default  import/no-anonymous-default-export

./pages/z_ex_index.js
32:6  Warning: React Hook useEffect has a missing dependency: 'checkLogin'. Either include it or remove the dependency array.  react-hooks/exhaustive-deps

info  - Need to disable some ESLint rules? Learn more here: https://nextjs.org/docs/basic-features/eslint#disabling-rules
info  - Creating an optimized production build...
info  - Compiled successfully
info  - Collecting page data...
info  - Generating static pages (0/6)
info  - Generating static pages (1/6)
info  - Generating static pages (2/6)
info  - Generating static pages (4/6)
info  - Generating static pages (6/6)
info  - Finalizing page optimization...

Page                                Size     First Load JS
┌ ○ / (408 ms)                      307 B          73.8 kB
├   /_app                           0 B              67 kB
├ ○ /404                            194 B          67.2 kB
├ λ /api/db                         0 B              67 kB
├ λ /api/getProductInfo             0 B              67 kB
├ λ /api/getRepairInfo              0 B              67 kB
├ λ /api/staffLogin                 0 B              67 kB
├ λ /api/z_ex_hello                 0 B              67 kB
├ λ /api/z_ex_isLogin               0 B              67 kB
├ λ /api/z_ex_login                 0 B              67 kB
├ λ /api/z_ex_logout                0 B              67 kB
├ ○ /example                        4.62 kB        71.6 kB
├   └ css/99492b8413865e20907e.css  757 B
├ ○ /z_ex_index                     18.4 kB        91.9 kB
└ ○ /z_ex_login                     713 B          74.2 kB
+ First Load JS shared by all       67 kB
  ├ chunks/framework.2191d1.js      42.4 kB
  ├ chunks/main.62b8ca.js           23.3 kB
  ├ chunks/pages/_app.a40023.js     555 B
  ├ chunks/webpack.fb7614.js        770 B
  └ css/120f2e2270820d49a21f.css    209 B

λ  (Server)  server-side renders at runtime (uses getInitialProps or getServerSideProps)
○  (Static)  automatically rendered as static HTML (uses no initial props)
●  (SSG)     automatically generated as static HTML + JSON (uses getStaticProps)
   (ISR)     incremental static regeneration (uses revalidate in getStaticProps)


> brackets-nextjs@0.1.0 build /root/brackets-git/Server
> next build

info  - Using webpack 5. Reason: Enabled by default https://nextjs.org/docs/messages/webpack5
info  - Checking validity of types...

./pages/api/getProductInfo.js
18:1  Warning: Assign arrow function to a variable before exporting as module default  import/no-anonymous-default-export

./pages/api/getRepairInfo.js
38:1  Warning: Assign arrow function to a variable before exporting as module default  import/no-anonymous-default-export

./pages/api/staffLogin.js
81:1  Warning: Assign arrow function to a variable before exporting as module default  import/no-anonymous-default-export

./pages/api/z_ex_isLogin.js
1:1  Warning: Assign arrow function to a variable before exporting as module default  import/no-anonymous-default-export

./pages/api/z_ex_login.js
19:1  Warning: Assign arrow function to a variable before exporting as module default  import/no-anonymous-default-export

./pages/api/z_ex_logout.js
1:1  Warning: Assign arrow function to a variable before exporting as module default  import/no-anonymous-default-export

./pages/z_ex_index.js
32:6  Warning: React Hook useEffect has a missing dependency: 'checkLogin'. Either include it or remove the dependency array.  react-hooks/exhaustive-deps

info  - Need to disable some ESLint rules? Learn more here: https://nextjs.org/docs/basic-features/eslint#disabling-rules
info  - Creating an optimized production build...
info  - Compiled successfully
info  - Collecting page data...
info  - Generating static pages (0/6)
info  - Generating static pages (1/6)
info  - Generating static pages (2/6)
info  - Generating static pages (4/6)
info  - Generating static pages (6/6)
info  - Finalizing page optimization...

Page                                Size     First Load JS
┌ ○ / (406 ms)                      307 B          73.8 kB
├   /_app                           0 B              67 kB
├ ○ /404                            194 B          67.2 kB
├ λ /api/db                         0 B              67 kB
├ λ /api/getProductInfo             0 B              67 kB
├ λ /api/getRepairInfo              0 B              67 kB
├ λ /api/staffLogin                 0 B              67 kB
├ λ /api/z_ex_hello                 0 B              67 kB
├ λ /api/z_ex_isLogin               0 B              67 kB
├ λ /api/z_ex_login                 0 B              67 kB
├ λ /api/z_ex_logout                0 B              67 kB
├ ○ /example                        4.62 kB        71.6 kB
├   └ css/99492b8413865e20907e.css  757 B
├ ○ /z_ex_index                     18.4 kB        91.9 kB
└ ○ /z_ex_login                     713 B          74.2 kB
+ First Load JS shared by all       67 kB
  ├ chunks/framework.2191d1.js      42.4 kB
  ├ chunks/main.62b8ca.js           23.3 kB
  ├ chunks/pages/_app.a40023.js     555 B
  ├ chunks/webpack.fb7614.js        770 B
  └ css/120f2e2270820d49a21f.css    209 B

λ  (Server)  server-side renders at runtime (uses getInitialProps or getServerSideProps)
○  (Static)  automatically rendered as static HTML (uses no initial props)
●  (SSG)     automatically generated as static HTML + JSON (uses getStaticProps)
   (ISR)     incremental static regeneration (uses revalidate in getStaticProps)

